2025-04-23 20:31:52,119 INFO make screenshot region: (0, 0, 1920, 1080)
2025-04-23 20:31:52,230 INFO cords of C:\Users\theorr\PycharmProjects\diabolic\global_assets/undock_mission.png added
2025-04-23 20:31:52,641 INFO click on C:\Users\theorr\PycharmProjects\diabolic\global_assets/undock_mission.png
2025-04-23 20:31:52,836 INFO make screenshot region: (0, 0, 1920, 1080)
2025-04-23 20:31:52,949 INFO cant found image C:\Users\theorr\PycharmProjects\diabolic\global_assets/set_dest.png
2025-04-23 20:31:54,058 INFO make screenshot region: (0, 0, 1920, 1080)
2025-04-23 20:31:54,172 INFO cant found image C:\Users\theorr\PycharmProjects\diabolic\global_assets/set_dest.png
2025-04-23 20:31:55,295 INFO make screenshot region: (0, 0, 1920, 1080)
2025-04-23 20:31:55,394 INFO cant found image C:\Users\theorr\PycharmProjects\diabolic\global_assets/set_dest.png
2025-04-23 20:31:56,510 INFO make screenshot region: (0, 0, 1920, 1080)
2025-04-23 20:31:56,612 INFO cant found image C:\Users\theorr\PycharmProjects\diabolic\global_assets/set_dest.png
2025-04-23 20:31:57,709 INFO make screenshot region: (0, 0, 1920, 1080)
2025-04-23 20:31:57,849 INFO cant found image C:\Users\theorr\PycharmProjects\diabolic\global_assets/set_dest.png
2025-04-23 20:31:58,933 INFO make screenshot region: (0, 0, 1920, 1080)
2025-04-23 20:31:59,037 INFO cant found image C:\Users\theorr\PycharmProjects\diabolic\global_assets/set_dest.png
2025-04-23 20:32:00,114 INFO make screenshot region: (0, 0, 1920, 1080)
2025-04-23 20:32:00,237 INFO cant found image C:\Users\theorr\PycharmProjects\diabolic\global_assets/set_dest.png
2025-04-23 20:32:01,376 INFO make screenshot region: (0, 0, 1920, 1080)
2025-04-23 20:32:02,611 INFO make screenshot region: (0, 0, 1920, 1080)
2025-04-23 20:32:02,720 INFO cords of C:\Users\theorr\PycharmProjects\diabolic\global_assets/set_dest.png added
2025-04-23 20:32:03,124 INFO click on C:\Users\theorr\PycharmProjects\diabolic\global_assets/set_dest.png
2025-04-23 20:32:04,730 INFO make screenshot region: (0, 0, 1920, 1080)
2025-04-23 20:32:04,836 INFO cant found image C:\Users\theorr\PycharmProjects\diabolic\global_assets/warp_to_location.png
2025-04-23 20:32:04,838 INFO C:\Users\theorr\PycharmProjects\diabolic\global_assets/warp_to_location.png: not exists
2025-04-23 20:32:04,935 INFO make screenshot region: (0, 0, 1920, 1080)
2025-04-23 20:32:05,020 INFO cords of C:\Users\theorr\PycharmProjects\diabolic\global_assets/route.png added
2025-04-23 20:32:05,541 INFO click on (np.int64(84), np.int64(262), np.int64(174), np.int64(291))
2025-04-23 20:32:06,172 INFO make screenshot region: (0, 0, 1920, 1080)
2025-04-23 20:32:06,338 INFO cant found image C:\Users\theorr\PycharmProjects\diabolic\global_assets/jump.png
2025-04-23 20:32:06,341 INFO C:\Users\theorr\PycharmProjects\diabolic\global_assets/jump.png: not exists
2025-04-23 20:32:06,859 INFO click on (np.int64(84), np.int64(281), np.int64(174), np.int64(310))
2025-04-23 20:32:07,469 INFO make screenshot region: (0, 0, 1920, 1080)
2025-04-23 20:32:07,579 INFO cords of C:\Users\theorr\PycharmProjects\diabolic\global_assets/jump.png added
2025-04-23 20:32:07,982 INFO click on C:\Users\theorr\PycharmProjects\diabolic\global_assets/jump.png
2025-04-23 20:32:08,082 INFO make screenshot region: (0, 0, 1920, 1080)
2025-04-23 20:32:08,180 INFO cant found image C:\Users\theorr\PycharmProjects\diabolic\global_assets/0ms.png
2025-04-23 20:32:09,287 INFO make screenshot region: (0, 0, 1920, 1080)
2025-04-23 20:32:09,385 INFO cant found image C:\Users\theorr\PycharmProjects\diabolic\global_assets/0ms.png
2025-04-23 20:32:10,528 INFO make screenshot region: (0, 0, 1920, 1080)
2025-04-23 20:32:10,617 INFO cant found image C:\Users\theorr\PycharmProjects\diabolic\global_assets/0ms.png
2025-04-23 20:32:11,732 INFO make screenshot region: (0, 0, 1920, 1080)
2025-04-23 20:32:11,812 INFO cant found image C:\Users\theorr\PycharmProjects\diabolic\global_assets/0ms.png
2025-04-23 20:32:12,912 INFO make screenshot region: (0, 0, 1920, 1080)
2025-04-23 20:32:12,995 INFO cant found image C:\Users\theorr\PycharmProjects\diabolic\global_assets/0ms.png
2025-04-23 20:32:14,095 INFO make screenshot region: (0, 0, 1920, 1080)
2025-04-23 20:32:14,179 INFO cant found image C:\Users\theorr\PycharmProjects\diabolic\global_assets/0ms.png
2025-04-23 20:32:15,282 INFO make screenshot region: (0, 0, 1920, 1080)
2025-04-23 20:32:15,367 INFO cant found image C:\Users\theorr\PycharmProjects\diabolic\global_assets/0ms.png
2025-04-23 20:32:16,483 INFO make screenshot region: (0, 0, 1920, 1080)
2025-04-23 20:32:16,573 INFO cant found image C:\Users\theorr\PycharmProjects\diabolic\global_assets/0ms.png
2025-04-23 20:32:17,702 INFO make screenshot region: (0, 0, 1920, 1080)
2025-04-23 20:32:17,798 INFO cant found image C:\Users\theorr\PycharmProjects\diabolic\global_assets/0ms.png
2025-04-23 20:32:18,913 INFO make screenshot region: (0, 0, 1920, 1080)
2025-04-23 20:32:19,003 INFO cant found image C:\Users\theorr\PycharmProjects\diabolic\global_assets/0ms.png
2025-04-23 20:32:20,122 INFO make screenshot region: (0, 0, 1920, 1080)
2025-04-23 20:32:20,207 INFO cant found image C:\Users\theorr\PycharmProjects\diabolic\global_assets/0ms.png
2025-04-23 20:32:21,360 INFO make screenshot region: (0, 0, 1920, 1080)
2025-04-23 20:32:21,451 INFO cant found image C:\Users\theorr\PycharmProjects\diabolic\global_assets/0ms.png
2025-04-23 20:32:22,578 INFO make screenshot region: (0, 0, 1920, 1080)
2025-04-23 20:32:22,682 INFO cant found image C:\Users\theorr\PycharmProjects\diabolic\global_assets/0ms.png
2025-04-23 20:32:23,830 INFO make screenshot region: (0, 0, 1920, 1080)
2025-04-23 20:32:23,932 INFO cant found image C:\Users\theorr\PycharmProjects\diabolic\global_assets/0ms.png
2025-04-23 20:32:25,041 INFO make screenshot region: (0, 0, 1920, 1080)
2025-04-23 20:32:25,130 INFO cant found image C:\Users\theorr\PycharmProjects\diabolic\global_assets/0ms.png
2025-04-23 20:32:26,228 INFO make screenshot region: (0, 0, 1920, 1080)
2025-04-23 20:32:26,313 INFO cant found image C:\Users\theorr\PycharmProjects\diabolic\global_assets/0ms.png
2025-04-23 20:32:27,407 INFO make screenshot region: (0, 0, 1920, 1080)
2025-04-23 20:32:27,502 INFO cant found image C:\Users\theorr\PycharmProjects\diabolic\global_assets/0ms.png
2025-04-23 20:32:28,610 INFO make screenshot region: (0, 0, 1920, 1080)
2025-04-23 20:32:28,703 INFO cant found image C:\Users\theorr\PycharmProjects\diabolic\global_assets/0ms.png
2025-04-23 20:32:29,823 INFO make screenshot region: (0, 0, 1920, 1080)
2025-04-23 20:32:29,912 INFO cant found image C:\Users\theorr\PycharmProjects\diabolic\global_assets/0ms.png
2025-04-23 20:32:31,014 INFO make screenshot region: (0, 0, 1920, 1080)
2025-04-23 20:32:31,096 INFO cant found image C:\Users\theorr\PycharmProjects\diabolic\global_assets/0ms.png
2025-04-23 20:32:32,202 INFO make screenshot region: (0, 0, 1920, 1080)
2025-04-23 20:32:32,295 INFO cant found image C:\Users\theorr\PycharmProjects\diabolic\global_assets/0ms.png
2025-04-23 20:32:33,397 INFO make screenshot region: (0, 0, 1920, 1080)
2025-04-23 20:32:33,487 INFO cant found image C:\Users\theorr\PycharmProjects\diabolic\global_assets/0ms.png
2025-04-23 20:32:34,596 INFO make screenshot region: (0, 0, 1920, 1080)
2025-04-23 20:32:34,685 INFO cant found image C:\Users\theorr\PycharmProjects\diabolic\global_assets/0ms.png
2025-04-23 20:32:35,802 INFO make screenshot region: (0, 0, 1920, 1080)
2025-04-23 20:32:35,928 INFO cant found image C:\Users\theorr\PycharmProjects\diabolic\global_assets/0ms.png
2025-04-23 20:32:37,024 INFO make screenshot region: (0, 0, 1920, 1080)
2025-04-23 20:32:37,118 INFO cant found image C:\Users\theorr\PycharmProjects\diabolic\global_assets/0ms.png
2025-04-23 20:32:38,233 INFO make screenshot region: (0, 0, 1920, 1080)
2025-04-23 20:32:38,318 INFO cant found image C:\Users\theorr\PycharmProjects\diabolic\global_assets/0ms.png
2025-04-23 20:32:39,428 INFO make screenshot region: (0, 0, 1920, 1080)
2025-04-23 20:32:39,515 INFO cant found image C:\Users\theorr\PycharmProjects\diabolic\global_assets/0ms.png
2025-04-23 20:32:40,607 INFO make screenshot region: (0, 0, 1920, 1080)
2025-04-23 20:32:41,785 INFO make screenshot region: (0, 0, 1920, 1080)
2025-04-23 20:32:41,894 INFO cant found image C:\Users\theorr\PycharmProjects\diabolic\global_assets/warp_to_location.png
2025-04-23 20:32:41,896 INFO C:\Users\theorr\PycharmProjects\diabolic\global_assets/warp_to_location.png: not exists
2025-04-23 20:32:41,982 INFO make screenshot region: (0, 0, 1920, 1080)
2025-04-23 20:32:42,077 INFO cords of C:\Users\theorr\PycharmProjects\diabolic\global_assets/route.png added
2025-04-23 20:32:42,592 INFO click on (np.int64(84), np.int64(262), np.int64(174), np.int64(291))
2025-04-23 20:32:43,246 INFO make screenshot region: (0, 0, 1920, 1080)
2025-04-23 20:32:43,364 INFO cant found image C:\Users\theorr\PycharmProjects\diabolic\global_assets/jump.png
2025-04-23 20:32:43,366 INFO C:\Users\theorr\PycharmProjects\diabolic\global_assets/jump.png: not exists
2025-04-23 20:32:43,870 INFO click on (np.int64(84), np.int64(281), np.int64(174), np.int64(310))
2025-04-23 20:32:44,497 INFO make screenshot region: (0, 0, 1920, 1080)
2025-04-23 20:32:44,613 INFO cant found image C:\Users\theorr\PycharmProjects\diabolic\global_assets/jump.png
2025-04-23 20:32:44,615 INFO image C:\Users\theorr\PycharmProjects\diabolic\global_assets/jump.png not found
