2025-05-02 16:19:34,454 INFO Ошибка: Неверный PID процесса: 0
2025-05-02 16:19:34,564 INFO load error of './missions_names/The_Score.png' roi is empty
2025-05-02 16:19:34,564 INFO ./missions_names/The_Score.png: not exists
2025-05-02 16:19:34,671 INFO load error of './missions_names/Angel_Extravaganza.png' roi is empty
2025-05-02 16:19:34,671 INFO ./missions_names/Angel_Extravaganza.png: not exists
2025-05-02 16:19:34,771 INFO load error of './missions_names/The_Score.png' roi is empty
2025-05-02 16:19:34,772 INFO ./missions_names/The_Score.png: not exists
2025-05-02 16:19:34,870 INFO load error of './missions_names/Angel_Extravaganza.png' roi is empty
2025-05-02 16:19:34,870 INFO ./missions_names/Angel_Extravaganza.png: not exists
2025-05-02 16:19:34,974 INFO load error of './missions_names/The_Score.png' roi is empty
2025-05-02 16:19:34,976 INFO ./missions_names/The_Score.png: not exists
2025-05-02 16:19:35,071 INFO load error of './missions_names/Angel_Extravaganza.png' roi is empty
2025-05-02 16:19:35,072 INFO ./missions_names/Angel_Extravaganza.png: not exists
2025-05-02 16:19:35,174 INFO load error of './missions_names/The_Score.png' roi is empty
2025-05-02 16:19:35,174 INFO ./missions_names/The_Score.png: not exists
2025-05-02 16:19:35,269 INFO load error of './missions_names/Angel_Extravaganza.png' roi is empty
2025-05-02 16:19:35,269 INFO ./missions_names/Angel_Extravaganza.png: not exists
2025-05-02 16:19:35,371 INFO load error of './missions_names/The_Score.png' roi is empty
2025-05-02 16:19:35,372 INFO ./missions_names/The_Score.png: not exists
2025-05-02 16:19:35,477 INFO load error of './missions_names/Angel_Extravaganza.png' roi is empty
2025-05-02 16:19:35,478 INFO ./missions_names/Angel_Extravaganza.png: not exists
2025-05-02 16:19:35,597 INFO load error of './missions_names/The_Score.png' roi is empty
2025-05-02 16:19:35,598 INFO ./missions_names/The_Score.png: not exists
2025-05-02 16:19:35,715 INFO load error of './missions_names/Angel_Extravaganza.png' roi is empty
2025-05-02 16:19:35,716 INFO ./missions_names/Angel_Extravaganza.png: not exists
2025-05-02 16:19:35,819 INFO load error of './missions_names/The_Score.png' roi is empty
2025-05-02 16:19:35,819 INFO ./missions_names/The_Score.png: not exists
